  Beleg.cpp
C:\Users\lotte\source\repos\Computergrafik 1\Computergrafik 1\Beleg.cpp(34,12): warning C4305: 'initializing': truncation from 'double' to 'GLfloat'
C:\Users\lotte\source\repos\Computergrafik 1\Computergrafik 1\Beleg.cpp(35,15): warning C4305: 'initializing': truncation from 'double' to 'GLfloat'
C:\Users\lotte\source\repos\Computergrafik 1\Computergrafik 1\Beleg.cpp(35,27): warning C4305: 'initializing': truncation from 'double' to 'GLfloat'
C:\Users\lotte\source\repos\Computergrafik 1\Computergrafik 1\Beleg.cpp(109,16): warning C4305: 'initializing': truncation from 'double' to 'const GLfloat'
C:\Users\lotte\source\repos\Computergrafik 1\Computergrafik 1\Beleg.cpp(110,16): warning C4305: 'initializing': truncation from 'double' to 'const GLfloat'
C:\Users\lotte\source\repos\Computergrafik 1\Computergrafik 1\Beleg.cpp(111,16): warning C4305: 'initializing': truncation from 'double' to 'const GLfloat'
C:\Users\lotte\source\repos\Computergrafik 1\Computergrafik 1\Beleg.cpp(112,16): warning C4305: 'initializing': truncation from 'double' to 'const GLfloat'
C:\Users\lotte\source\repos\Computergrafik 1\Computergrafik 1\Beleg.cpp(142,9): warning C4305: 'initializing': truncation from 'double' to 'const GLfloat'
C:\Users\lotte\source\repos\Computergrafik 1\Computergrafik 1\Beleg.cpp(142,21): warning C4305: 'initializing': truncation from 'double' to 'const GLfloat'
C:\Users\lotte\source\repos\Computergrafik 1\Computergrafik 1\Beleg.cpp(143,10): warning C4305: 'initializing': truncation from 'double' to 'const GLfloat'
C:\Users\lotte\source\repos\Computergrafik 1\Computergrafik 1\Beleg.cpp(143,21): warning C4305: 'initializing': truncation from 'double' to 'const GLfloat'
C:\Users\lotte\source\repos\Computergrafik 1\Computergrafik 1\Beleg.cpp(144,10): warning C4305: 'initializing': truncation from 'double' to 'const GLfloat'
C:\Users\lotte\source\repos\Computergrafik 1\Computergrafik 1\Beleg.cpp(144,22): warning C4305: 'initializing': truncation from 'double' to 'const GLfloat'
C:\Users\lotte\source\repos\Computergrafik 1\Computergrafik 1\Beleg.cpp(145,9): warning C4305: 'initializing': truncation from 'double' to 'const GLfloat'
C:\Users\lotte\source\repos\Computergrafik 1\Computergrafik 1\Beleg.cpp(145,22): warning C4305: 'initializing': truncation from 'double' to 'const GLfloat'
C:\Users\lotte\source\repos\Computergrafik 1\Computergrafik 1\Beleg.cpp(148,9): warning C4305: 'initializing': truncation from 'double' to 'const GLfloat'
C:\Users\lotte\source\repos\Computergrafik 1\Computergrafik 1\Beleg.cpp(148,15): warning C4305: 'initializing': truncation from 'double' to 'const GLfloat'
C:\Users\lotte\source\repos\Computergrafik 1\Computergrafik 1\Beleg.cpp(148,21): warning C4305: 'initializing': truncation from 'double' to 'const GLfloat'
C:\Users\lotte\source\repos\Computergrafik 1\Computergrafik 1\Beleg.cpp(149,10): warning C4305: 'initializing': truncation from 'double' to 'const GLfloat'
C:\Users\lotte\source\repos\Computergrafik 1\Computergrafik 1\Beleg.cpp(149,15): warning C4305: 'initializing': truncation from 'double' to 'const GLfloat'
C:\Users\lotte\source\repos\Computergrafik 1\Computergrafik 1\Beleg.cpp(149,21): warning C4305: 'initializing': truncation from 'double' to 'const GLfloat'
C:\Users\lotte\source\repos\Computergrafik 1\Computergrafik 1\Beleg.cpp(150,10): warning C4305: 'initializing': truncation from 'double' to 'const GLfloat'
C:\Users\lotte\source\repos\Computergrafik 1\Computergrafik 1\Beleg.cpp(150,15): warning C4305: 'initializing': truncation from 'double' to 'const GLfloat'
C:\Users\lotte\source\repos\Computergrafik 1\Computergrafik 1\Beleg.cpp(150,22): warning C4305: 'initializing': truncation from 'double' to 'const GLfloat'
C:\Users\lotte\source\repos\Computergrafik 1\Computergrafik 1\Beleg.cpp(151,9): warning C4305: 'initializing': truncation from 'double' to 'const GLfloat'
C:\Users\lotte\source\repos\Computergrafik 1\Computergrafik 1\Beleg.cpp(151,15): warning C4305: 'initializing': truncation from 'double' to 'const GLfloat'
C:\Users\lotte\source\repos\Computergrafik 1\Computergrafik 1\Beleg.cpp(151,22): warning C4305: 'initializing': truncation from 'double' to 'const GLfloat'
C:\Users\lotte\source\repos\Computergrafik 1\Computergrafik 1\Beleg.cpp(154,9): warning C4305: 'initializing': truncation from 'double' to 'const GLfloat'
C:\Users\lotte\source\repos\Computergrafik 1\Computergrafik 1\Beleg.cpp(154,21): warning C4305: 'initializing': truncation from 'double' to 'const GLfloat'
C:\Users\lotte\source\repos\Computergrafik 1\Computergrafik 1\Beleg.cpp(155,9): warning C4305: 'initializing': truncation from 'double' to 'const GLfloat'
C:\Users\lotte\source\repos\Computergrafik 1\Computergrafik 1\Beleg.cpp(155,15): warning C4305: 'initializing': truncation from 'double' to 'const GLfloat'
C:\Users\lotte\source\repos\Computergrafik 1\Computergrafik 1\Beleg.cpp(155,21): warning C4305: 'initializing': truncation from 'double' to 'const GLfloat'
C:\Users\lotte\source\repos\Computergrafik 1\Computergrafik 1\Beleg.cpp(156,10): warning C4305: 'initializing': truncation from 'double' to 'const GLfloat'
C:\Users\lotte\source\repos\Computergrafik 1\Computergrafik 1\Beleg.cpp(156,15): warning C4305: 'initializing': truncation from 'double' to 'const GLfloat'
C:\Users\lotte\source\repos\Computergrafik 1\Computergrafik 1\Beleg.cpp(156,21): warning C4305: 'initializing': truncation from 'double' to 'const GLfloat'
C:\Users\lotte\source\repos\Computergrafik 1\Computergrafik 1\Beleg.cpp(157,10): warning C4305: 'initializing': truncation from 'double' to 'const GLfloat'
C:\Users\lotte\source\repos\Computergrafik 1\Computergrafik 1\Beleg.cpp(157,21): warning C4305: 'initializing': truncation from 'double' to 'const GLfloat'
C:\Users\lotte\source\repos\Computergrafik 1\Computergrafik 1\Beleg.cpp(159,9): warning C4305: 'initializing': truncation from 'double' to 'const GLfloat'
C:\Users\lotte\source\repos\Computergrafik 1\Computergrafik 1\Beleg.cpp(159,22): warning C4305: 'initializing': truncation from 'double' to 'const GLfloat'
C:\Users\lotte\source\repos\Computergrafik 1\Computergrafik 1\Beleg.cpp(160,9): warning C4305: 'initializing': truncation from 'double' to 'const GLfloat'
C:\Users\lotte\source\repos\Computergrafik 1\Computergrafik 1\Beleg.cpp(160,15): warning C4305: 'initializing': truncation from 'double' to 'const GLfloat'
C:\Users\lotte\source\repos\Computergrafik 1\Computergrafik 1\Beleg.cpp(160,22): warning C4305: 'initializing': truncation from 'double' to 'const GLfloat'
C:\Users\lotte\source\repos\Computergrafik 1\Computergrafik 1\Beleg.cpp(161,10): warning C4305: 'initializing': truncation from 'double' to 'const GLfloat'
C:\Users\lotte\source\repos\Computergrafik 1\Computergrafik 1\Beleg.cpp(161,15): warning C4305: 'initializing': truncation from 'double' to 'const GLfloat'
C:\Users\lotte\source\repos\Computergrafik 1\Computergrafik 1\Beleg.cpp(161,22): warning C4305: 'initializing': truncation from 'double' to 'const GLfloat'
C:\Users\lotte\source\repos\Computergrafik 1\Computergrafik 1\Beleg.cpp(162,10): warning C4305: 'initializing': truncation from 'double' to 'const GLfloat'
C:\Users\lotte\source\repos\Computergrafik 1\Computergrafik 1\Beleg.cpp(162,22): warning C4305: 'initializing': truncation from 'double' to 'const GLfloat'
C:\Users\lotte\source\repos\Computergrafik 1\Computergrafik 1\Beleg.cpp(164,9): warning C4305: 'initializing': truncation from 'double' to 'const GLfloat'
C:\Users\lotte\source\repos\Computergrafik 1\Computergrafik 1\Beleg.cpp(164,21): warning C4305: 'initializing': truncation from 'double' to 'const GLfloat'
C:\Users\lotte\source\repos\Computergrafik 1\Computergrafik 1\Beleg.cpp(165,9): warning C4305: 'initializing': truncation from 'double' to 'const GLfloat'
C:\Users\lotte\source\repos\Computergrafik 1\Computergrafik 1\Beleg.cpp(165,15): warning C4305: 'initializing': truncation from 'double' to 'const GLfloat'
C:\Users\lotte\source\repos\Computergrafik 1\Computergrafik 1\Beleg.cpp(165,21): warning C4305: 'initializing': truncation from 'double' to 'const GLfloat'
C:\Users\lotte\source\repos\Computergrafik 1\Computergrafik 1\Beleg.cpp(166,9): warning C4305: 'initializing': truncation from 'double' to 'const GLfloat'
C:\Users\lotte\source\repos\Computergrafik 1\Computergrafik 1\Beleg.cpp(166,15): warning C4305: 'initializing': truncation from 'double' to 'const GLfloat'
C:\Users\lotte\source\repos\Computergrafik 1\Computergrafik 1\Beleg.cpp(166,22): warning C4305: 'initializing': truncation from 'double' to 'const GLfloat'
C:\Users\lotte\source\repos\Computergrafik 1\Computergrafik 1\Beleg.cpp(167,9): warning C4305: 'initializing': truncation from 'double' to 'const GLfloat'
C:\Users\lotte\source\repos\Computergrafik 1\Computergrafik 1\Beleg.cpp(167,22): warning C4305: 'initializing': truncation from 'double' to 'const GLfloat'
C:\Users\lotte\source\repos\Computergrafik 1\Computergrafik 1\Beleg.cpp(169,10): warning C4305: 'initializing': truncation from 'double' to 'const GLfloat'
C:\Users\lotte\source\repos\Computergrafik 1\Computergrafik 1\Beleg.cpp(169,21): warning C4305: 'initializing': truncation from 'double' to 'const GLfloat'
C:\Users\lotte\source\repos\Computergrafik 1\Computergrafik 1\Beleg.cpp(170,10): warning C4305: 'initializing': truncation from 'double' to 'const GLfloat'
C:\Users\lotte\source\repos\Computergrafik 1\Computergrafik 1\Beleg.cpp(170,15): warning C4305: 'initializing': truncation from 'double' to 'const GLfloat'
C:\Users\lotte\source\repos\Computergrafik 1\Computergrafik 1\Beleg.cpp(170,21): warning C4305: 'initializing': truncation from 'double' to 'const GLfloat'
C:\Users\lotte\source\repos\Computergrafik 1\Computergrafik 1\Beleg.cpp(171,10): warning C4305: 'initializing': truncation from 'double' to 'const GLfloat'
C:\Users\lotte\source\repos\Computergrafik 1\Computergrafik 1\Beleg.cpp(171,15): warning C4305: 'initializing': truncation from 'double' to 'const GLfloat'
C:\Users\lotte\source\repos\Computergrafik 1\Computergrafik 1\Beleg.cpp(171,22): warning C4305: 'initializing': truncation from 'double' to 'const GLfloat'
C:\Users\lotte\source\repos\Computergrafik 1\Computergrafik 1\Beleg.cpp(172,10): warning C4305: 'initializing': truncation from 'double' to 'const GLfloat'
C:\Users\lotte\source\repos\Computergrafik 1\Computergrafik 1\Beleg.cpp(172,22): warning C4305: 'initializing': truncation from 'double' to 'const GLfloat'
C:\Users\lotte\source\repos\Computergrafik 1\Computergrafik 1\Beleg.cpp(347,20): warning C4244: '-=': conversion from 'double' to 'GLfloat', possible loss of data
C:\Users\lotte\source\repos\Computergrafik 1\Computergrafik 1\Beleg.cpp(390,22): warning C4305: '+=': truncation from 'double' to 'GLfloat'
C:\Users\lotte\source\repos\Computergrafik 1\Computergrafik 1\Beleg.cpp(393,22): warning C4305: '-=': truncation from 'double' to 'GLfloat'
C:\Users\lotte\source\repos\Computergrafik 1\Computergrafik 1\Beleg.cpp(387,17): warning C4101: 'py': unreferenced local variable
C:\Users\lotte\source\repos\Computergrafik 1\Computergrafik 1\Beleg.cpp(387,13): warning C4101: 'px': unreferenced local variable
C:\Users\lotte\source\repos\Computergrafik 1\Computergrafik 1\Beleg.cpp(436,39): warning C4244: '-=': conversion from 'double' to 'GLfloat', possible loss of data
C:\Users\lotte\source\repos\Computergrafik 1\Computergrafik 1\Beleg.cpp(437,39): warning C4244: '-=': conversion from 'double' to 'GLfloat', possible loss of data
  Generating code
  6 of 328 functions ( 1.8%) were compiled, the rest were copied from previous compilation.
    0 functions were new in current compilation
    11 functions had inline decision re-evaluated but remain unchanged
  Finished generating code
  Computergrafik 1.vcxproj -> C:\Users\lotte\source\repos\Computergrafik 1\x64\Release\Computergrafik 1.exe
